        -:    0:Source:../../HuffmanModificado/main.cpp
        -:    0:Programs:17
        -:    1:#include <iostream>
        -:    2:#include "HuffmanCompressor.h"
        -:    3:using namespace std;
        -:    4:
        3:    5:int main(int argc, char *argv[])
        -:    6:{
        3:    7:    HuffmanCompressor *compresor = new HuffmanCompressor();
        -:    8:    int op;
        6:    9:    string nombre_archivo = "";
        -:   10:
        3:   11:    if(argc < 3)
        -:   12:    {
        1:   13:        cout << "Uso: " << endl;
        1:   14:        cout << "HuffmanCompressor.exe [ comprimir | descomprimir ] [ archivoParaComprimir | archivoParaDescomprimir ]" << endl;
        -:   15:    }
        -:   16:    else
        -:   17:    {
        2:   18:        if((std::string(argv[1]) == "comprimir"))
        -:   19:        {
        1:   20:            compresor->comprimir((std::string(argv[2])));
        -:   21:        }
        1:   22:        else if((std::string(argv[1]) == "descomprimir"))
        -:   23:        {
        1:   24:            compresor->descomprimir((std::string(argv[2])));
        -:   25:        }
        -:   26:    }
        -:   27:
        3:   28:    delete compresor;
        -:   29:
        3:   30:    return 0;
        9:   31:}
        -:   32:
