        -:    0:Source:../../HuffmanModificado/HuffmanNode.cpp
        -:    0:Programs:17
        -:    1:#include "HuffmanNode.h"
        -:    2:
     2044:    3:HuffmanNode::HuffmanNode()
        -:    4:{
     2044:    5:    frecuencia = 0;
     2044:    6:    padre = -1;
     2044:    7:    esIzquierdo = false;
     2044:    8:    izq = der = -1;
     2044:    9:}
        -:   10:
     1022:   11:HuffmanNode::HuffmanNode(int f, int p, bool e, int i, int d)
        -:   12:{
     1022:   13:    frecuencia = f;
     1022:   14:    padre = p;
     1022:   15:    esIzquierdo = e;
     1022:   16:    izq = i;
     1022:   17:    der = d;
     1022:   18:}
        -:   19:
     4088:   20:HuffmanNode::~HuffmanNode()
        -:   21:{
     4088:   22:}
        -:   23:
    #####:   24:int HuffmanNode::compareTo(Object * x)
        -:   25:{
    #####:   26:    HuffmanNode *p = dynamic_cast < HuffmanNode * > ( x );
    #####:   27:    return this->frecuencia  - p->frecuencia;
       18:   28:}
        -:   29:
        -:   30:
