        -:    0:Source:../../HuffmanOriginal/HuffmanCompressor.h
        -:    0:Programs:42
        -:    1:#ifndef HUFFMANCOMPRESSOR_H
        -:    2:#define HUFFMANCOMPRESSOR_H
        -:    3:
        -:    4:#include <iostream>
        -:    5:#include <cstdio>
        -:    6:#include <string>
        -:    7:#include "object.h"
        -:    8:#include "HuffmanTree.h"
        -:    9:
    #####:   10:class HuffmanCompressor : public Object
        -:   11:{
        -:   12:    HuffmanTree *ht;
        -:   13:    int cantSignos;
        -:   14:
        -:   15:        public:
        -:   16:
        -:   17:    HuffmanCompressor();
        -:   18:    void comprimir(string fileName);
        -:   19:    void descomprimir(string fileName);
        -:   20:    float desafio3 (const char fileName[]);
        -:   21:};
        -:   22:
        -:   23:#endif // HUFFMANCOMPRESSOR_H
